This is pdfTeX, Version 3.141592653-2.6-1.40.24 (TeX Live 2022) (preloaded format=pdflatex 2022.5.4)  14 OCT 2022 20:33
entering extended mode
 restricted \write18 enabled.
 %&-line parsing enabled.
**proyecto_modelos_lineales.tex
(./proyecto_modelos_lineales.tex
LaTeX2e <2021-11-15> patch level 1
L3 programming layer <2022-02-24> (/usr/local/texlive/2022/texmf-dist/tex/latex
/base/article.cls
Document Class: article 2021/10/04 v1.4n Standard LaTeX document class
(/usr/local/texlive/2022/texmf-dist/tex/latex/base/size10.clo
File: size10.clo 2021/10/04 v1.4n Standard LaTeX file (size option)
)
\c@part=\count185
\c@section=\count186
\c@subsection=\count187
\c@subsubsection=\count188
\c@paragraph=\count189
\c@subparagraph=\count190
\c@figure=\count191
\c@table=\count192
\abovecaptionskip=\skip47
\belowcaptionskip=\skip48
\bibindent=\dimen138
) (/usr/local/texlive/2022/texmf-dist/tex/latex/amsmath/amsmath.sty
Package: amsmath 2021/10/15 v2.17l AMS math features
\@mathmargin=\skip49
For additional information on amsmath, use the `?' option.
(/usr/local/texlive/2022/texmf-dist/tex/latex/amsmath/amstext.sty
Package: amstext 2021/08/26 v2.01 AMS text
(/usr/local/texlive/2022/texmf-dist/tex/latex/amsmath/amsgen.sty
File: amsgen.sty 1999/11/30 v2.0 generic functions
\@emptytoks=\toks16
\ex@=\dimen139
)) (/usr/local/texlive/2022/texmf-dist/tex/latex/amsmath/amsbsy.sty
Package: amsbsy 1999/11/29 v1.2d Bold Symbols
\pmbraise@=\dimen140
) (/usr/local/texlive/2022/texmf-dist/tex/latex/amsmath/amsopn.sty
Package: amsopn 2021/08/26 v2.02 operator names
)
\inf@bad=\count193
LaTeX Info: Redefining \frac on input line 234.
\uproot@=\count194
\leftroot@=\count195
LaTeX Info: Redefining \overline on input line 399.
\classnum@=\count196
\DOTSCASE@=\count197
LaTeX Info: Redefining \ldots on input line 496.
LaTeX Info: Redefining \dots on input line 499.
LaTeX Info: Redefining \cdots on input line 620.
\Mathstrutbox@=\box50
\strutbox@=\box51
\big@size=\dimen141
LaTeX Font Info:    Redeclaring font encoding OML on input line 743.
LaTeX Font Info:    Redeclaring font encoding OMS on input line 744.
\macc@depth=\count198
\c@MaxMatrixCols=\count199
\dotsspace@=\muskip16
\c@parentequation=\count266
\dspbrk@lvl=\count267
\tag@help=\toks17
\row@=\count268
\column@=\count269
\maxfields@=\count270
\andhelp@=\toks18
\eqnshift@=\dimen142
\alignsep@=\dimen143
\tagshift@=\dimen144
\tagwidth@=\dimen145
\totwidth@=\dimen146
\lineht@=\dimen147
\@envbody=\toks19
\multlinegap=\skip50
\multlinetaggap=\skip51
\mathdisplay@stack=\toks20
LaTeX Info: Redefining \[ on input line 2938.
LaTeX Info: Redefining \] on input line 2939.
) (/usr/local/texlive/2022/texmf-dist/tex/latex/amsfonts/amssymb.sty
Package: amssymb 2013/01/14 v3.01 AMS font symbols
(/usr/local/texlive/2022/texmf-dist/tex/latex/amsfonts/amsfonts.sty
Package: amsfonts 2013/01/14 v3.01 Basic AMSFonts support
\symAMSa=\mathgroup4
\symAMSb=\mathgroup5
LaTeX Font Info:    Redeclaring math symbol \hbar on input line 98.
LaTeX Font Info:    Overwriting math alphabet `\mathfrak' in version `bold'
(Font)                  U/euf/m/n --> U/euf/b/n on input line 106.
)) (/usr/local/texlive/2022/texmf-dist/tex/latex/lm/lmodern.sty
Package: lmodern 2015/05/01 v1.6.1 Latin Modern Fonts
LaTeX Font Info:    Overwriting symbol font `operators' in version `normal'
(Font)                  OT1/cmr/m/n --> OT1/lmr/m/n on input line 22.
LaTeX Font Info:    Overwriting symbol font `letters' in version `normal'
(Font)                  OML/cmm/m/it --> OML/lmm/m/it on input line 23.
LaTeX Font Info:    Overwriting symbol font `symbols' in version `normal'
(Font)                  OMS/cmsy/m/n --> OMS/lmsy/m/n on input line 24.
LaTeX Font Info:    Overwriting symbol font `largesymbols' in version `normal'
(Font)                  OMX/cmex/m/n --> OMX/lmex/m/n on input line 25.
LaTeX Font Info:    Overwriting symbol font `operators' in version `bold'
(Font)                  OT1/cmr/bx/n --> OT1/lmr/bx/n on input line 26.
LaTeX Font Info:    Overwriting symbol font `letters' in version `bold'
(Font)                  OML/cmm/b/it --> OML/lmm/b/it on input line 27.
LaTeX Font Info:    Overwriting symbol font `symbols' in version `bold'
(Font)                  OMS/cmsy/b/n --> OMS/lmsy/b/n on input line 28.
LaTeX Font Info:    Overwriting symbol font `largesymbols' in version `bold'
(Font)                  OMX/cmex/m/n --> OMX/lmex/m/n on input line 29.
LaTeX Font Info:    Overwriting math alphabet `\mathbf' in version `normal'
(Font)                  OT1/cmr/bx/n --> OT1/lmr/bx/n on input line 31.
LaTeX Font Info:    Overwriting math alphabet `\mathsf' in version `normal'
(Font)                  OT1/cmss/m/n --> OT1/lmss/m/n on input line 32.
LaTeX Font Info:    Overwriting math alphabet `\mathit' in version `normal'
(Font)                  OT1/cmr/m/it --> OT1/lmr/m/it on input line 33.
LaTeX Font Info:    Overwriting math alphabet `\mathtt' in version `normal'
(Font)                  OT1/cmtt/m/n --> OT1/lmtt/m/n on input line 34.
LaTeX Font Info:    Overwriting math alphabet `\mathbf' in version `bold'
(Font)                  OT1/cmr/bx/n --> OT1/lmr/bx/n on input line 35.
LaTeX Font Info:    Overwriting math alphabet `\mathsf' in version `bold'
(Font)                  OT1/cmss/bx/n --> OT1/lmss/bx/n on input line 36.
LaTeX Font Info:    Overwriting math alphabet `\mathit' in version `bold'
(Font)                  OT1/cmr/bx/it --> OT1/lmr/bx/it on input line 37.
LaTeX Font Info:    Overwriting math alphabet `\mathtt' in version `bold'
(Font)                  OT1/cmtt/m/n --> OT1/lmtt/m/n on input line 38.
) (/usr/local/texlive/2022/texmf-dist/tex/generic/iftex/iftex.sty
Package: iftex 2022/02/03 v1.0f TeX engine tests
) (/usr/local/texlive/2022/texmf-dist/tex/latex/base/fontenc.sty
Package: fontenc 2021/04/29 v2.0v Standard LaTeX package
LaTeX Font Info:    Trying to load font information for T1+lmr on input line 11
2.
(/usr/local/texlive/2022/texmf-dist/tex/latex/lm/t1lmr.fd
File: t1lmr.fd 2015/05/01 v1.6.1 Font defs for Latin Modern
)) (/usr/local/texlive/2022/texmf-dist/tex/latex/base/inputenc.sty
Package: inputenc 2021/02/14 v1.3d Input encoding file
\inpenc@prehook=\toks21
\inpenc@posthook=\toks22
) (/usr/local/texlive/2022/texmf-dist/tex/latex/base/textcomp.sty
Package: textcomp 2020/02/02 v2.0n Standard LaTeX package
) (/usr/local/texlive/2022/texmf-dist/tex/latex/upquote/upquote.sty
Package: upquote 2012/04/19 v1.3 upright-quote and grave-accent glyphs in verba
tim
) (/usr/local/texlive/2022/texmf-dist/tex/latex/microtype/microtype.sty
Package: microtype 2022/03/14 v3.0d Micro-typographical refinements (RS)
(/usr/local/texlive/2022/texmf-dist/tex/latex/graphics/keyval.sty
Package: keyval 2014/10/28 v1.15 key=value parser (DPC)
\KV@toks@=\toks23
) (/usr/local/texlive/2022/texmf-dist/tex/latex/etoolbox/etoolbox.sty
Package: etoolbox 2020/10/05 v2.5k e-TeX tools for LaTeX (JAW)
\etb@tempcnta=\count271
)
\MT@toks=\toks24
\MT@tempbox=\box52
\MT@count=\count272
LaTeX Info: Redefining \noprotrusionifhmode on input line 1027.
LaTeX Info: Redefining \leftprotrusion on input line 1028.
LaTeX Info: Redefining \rightprotrusion on input line 1036.
LaTeX Info: Redefining \textls on input line 1195.
\MT@outer@kern=\dimen148
LaTeX Info: Redefining \textmicrotypecontext on input line 1781.
\MT@listname@count=\count273
(/usr/local/texlive/2022/texmf-dist/tex/latex/microtype/microtype-pdftex.def
File: microtype-pdftex.def 2022/03/14 v3.0d Definitions specific to pdftex (RS)

LaTeX Info: Redefining \lsstyle on input line 900.
LaTeX Info: Redefining \lslig on input line 900.
\MT@outer@space=\skip52
)
Package microtype Info: Loading configuration file microtype.cfg.
(/usr/local/texlive/2022/texmf-dist/tex/latex/microtype/microtype.cfg
File: microtype.cfg 2022/03/14 v3.0d microtype main configuration file (RS)
)) (/usr/local/texlive/2022/texmf-dist/tex/latex/parskip/parskip.sty
Package: parskip 2021-03-14 v2.0h non-zero parskip adjustments
(/usr/local/texlive/2022/texmf-dist/tex/latex/kvoptions/kvoptions.sty
Package: kvoptions 2020-10-07 v3.14 Key value format for package options (HO)
(/usr/local/texlive/2022/texmf-dist/tex/generic/ltxcmds/ltxcmds.sty
Package: ltxcmds 2020-05-10 v1.25 LaTeX kernel commands for general use (HO)
) (/usr/local/texlive/2022/texmf-dist/tex/generic/kvsetkeys/kvsetkeys.sty
Package: kvsetkeys 2019/12/15 v1.18 Key value parser (HO)
))) (/usr/local/texlive/2022/texmf-dist/tex/latex/xcolor/xcolor.sty
Package: xcolor 2021/10/31 v2.13 LaTeX color extensions (UK)
(/usr/local/texlive/2022/texmf-dist/tex/latex/graphics-cfg/color.cfg
File: color.cfg 2016/01/02 v1.6 sample color configuration
)
Package xcolor Info: Driver file: pdftex.def on input line 227.
(/usr/local/texlive/2022/texmf-dist/tex/latex/graphics-def/pdftex.def
File: pdftex.def 2020/10/05 v1.2a Graphics/color driver for pdftex
)
Package xcolor Info: Model `cmy' substituted by `cmy0' on input line 1352.
Package xcolor Info: Model `hsb' substituted by `rgb' on input line 1356.
Package xcolor Info: Model `RGB' extended on input line 1368.
Package xcolor Info: Model `HTML' substituted by `rgb' on input line 1370.
Package xcolor Info: Model `Hsb' substituted by `hsb' on input line 1371.
Package xcolor Info: Model `tHsb' substituted by `hsb' on input line 1372.
Package xcolor Info: Model `HSB' substituted by `hsb' on input line 1373.
Package xcolor Info: Model `Gray' substituted by `gray' on input line 1374.
Package xcolor Info: Model `wave' substituted by `hsb' on input line 1375.
) (/usr/local/texlive/2022/texmf-dist/tex/latex/geometry/geometry.sty
Package: geometry 2020/01/02 v5.9 Page Geometry
(/usr/local/texlive/2022/texmf-dist/tex/generic/iftex/ifvtex.sty
Package: ifvtex 2019/10/25 v1.7 ifvtex legacy package. Use iftex instead.
)
\Gm@cnth=\count274
\Gm@cntv=\count275
\c@Gm@tempcnt=\count276
\Gm@bindingoffset=\dimen149
\Gm@wd@mp=\dimen150
\Gm@odd@mp=\dimen151
\Gm@even@mp=\dimen152
\Gm@layoutwidth=\dimen153
\Gm@layoutheight=\dimen154
\Gm@layouthoffset=\dimen155
\Gm@layoutvoffset=\dimen156
\Gm@dimlist=\toks25
) (/usr/local/texlive/2022/texmf-dist/tex/latex/tools/longtable.sty
Package: longtable 2021-09-01 v4.17 Multi-page Table package (DPC)
\LTleft=\skip53
\LTright=\skip54
\LTpre=\skip55
\LTpost=\skip56
\LTchunksize=\count277
\LTcapwidth=\dimen157
\LT@head=\box53
\LT@firsthead=\box54
\LT@foot=\box55
\LT@lastfoot=\box56
\LT@gbox=\box57
\LT@cols=\count278
\LT@rows=\count279
\c@LT@tables=\count280
\c@LT@chunks=\count281
\LT@p@ftn=\toks26
) (/usr/local/texlive/2022/texmf-dist/tex/latex/booktabs/booktabs.sty
Package: booktabs 2020/01/12 v1.61803398 Publication quality tables
\heavyrulewidth=\dimen158
\lightrulewidth=\dimen159
\cmidrulewidth=\dimen160
\belowrulesep=\dimen161
\belowbottomsep=\dimen162
\aboverulesep=\dimen163
\abovetopsep=\dimen164
\cmidrulesep=\dimen165
\cmidrulekern=\dimen166
\defaultaddspace=\dimen167
\@cmidla=\count282
\@cmidlb=\count283
\@aboverulesep=\dimen168
\@belowrulesep=\dimen169
\@thisruleclass=\count284
\@lastruleclass=\count285
\@thisrulewidth=\dimen170
) (/usr/local/texlive/2022/texmf-dist/tex/latex/tools/array.sty
Package: array 2021/10/04 v2.5f Tabular extension package (FMi)
\col@sep=\dimen171
\ar@mcellbox=\box58
\extrarowheight=\dimen172
\NC@list=\toks27
\extratabsurround=\skip57
\backup@length=\skip58
\ar@cellbox=\box59
) (/usr/local/texlive/2022/texmf-dist/tex/latex/tools/calc.sty
Package: calc 2017/05/25 v4.3 Infix arithmetic (KKT,FJ)
\calc@Acount=\count286
\calc@Bcount=\count287
\calc@Adimen=\dimen173
\calc@Bdimen=\dimen174
\calc@Askip=\skip59
\calc@Bskip=\skip60
LaTeX Info: Redefining \setlength on input line 80.
LaTeX Info: Redefining \addtolength on input line 81.
\calc@Ccount=\count288
\calc@Cskip=\skip61
) (/usr/local/texlive/2022/texmf-dist/tex/latex/footnotehyper/footnotehyper.sty
Package: footnotehyper 2021/08/13 v1.1e hyperref aware footnote.sty (JFB)
\FNH@notes=\box60
\FNH@width=\dimen175
\FNH@toks=\toks28
) (/usr/local/texlive/2022/texmf-dist/tex/latex/graphics/graphicx.sty
Package: graphicx 2021/09/16 v1.2d Enhanced LaTeX Graphics (DPC,SPQR)
(/usr/local/texlive/2022/texmf-dist/tex/latex/graphics/graphics.sty
Package: graphics 2021/03/04 v1.4d Standard LaTeX Graphics (DPC,SPQR)
(/usr/local/texlive/2022/texmf-dist/tex/latex/graphics/trig.sty
Package: trig 2021/08/11 v1.11 sin cos tan (DPC)
) (/usr/local/texlive/2022/texmf-dist/tex/latex/graphics-cfg/graphics.cfg
File: graphics.cfg 2016/06/04 v1.11 sample graphics configuration
)
Package graphics Info: Driver file: pdftex.def on input line 107.
)
\Gin@req@height=\dimen176
\Gin@req@width=\dimen177
) (/usr/local/texlive/2022/texmf-dist/tex/latex/pgf/frontendlayer/tikz.sty (/us
r/local/texlive/2022/texmf-dist/tex/latex/pgf/basiclayer/pgf.sty (/usr/local/te
xlive/2022/texmf-dist/tex/latex/pgf/utilities/pgfrcs.sty
(/usr/local/texlive/2022/texmf-dist/tex/generic/pgf/utilities/pgfutil-common.te
x
\pgfutil@everybye=\toks29
\pgfutil@tempdima=\dimen178
\pgfutil@tempdimb=\dimen179

(/usr/local/texlive/2022/texmf-dist/tex/generic/pgf/utilities/pgfutil-common-li
sts.tex))
(/usr/local/texlive/2022/texmf-dist/tex/generic/pgf/utilities/pgfutil-latex.def
\pgfutil@abb=\box61
) (/usr/local/texlive/2022/texmf-dist/tex/generic/pgf/utilities/pgfrcs.code.tex
(/usr/local/texlive/2022/texmf-dist/tex/generic/pgf/pgf.revision.tex)
Package: pgfrcs 2021/05/15 v3.1.9a (3.1.9a)
))
Package: pgf 2021/05/15 v3.1.9a (3.1.9a)
(/usr/local/texlive/2022/texmf-dist/tex/latex/pgf/basiclayer/pgfcore.sty (/usr/
local/texlive/2022/texmf-dist/tex/latex/pgf/systemlayer/pgfsys.sty
(/usr/local/texlive/2022/texmf-dist/tex/generic/pgf/systemlayer/pgfsys.code.tex
Package: pgfsys 2021/05/15 v3.1.9a (3.1.9a)
(/usr/local/texlive/2022/texmf-dist/tex/generic/pgf/utilities/pgfkeys.code.tex
\pgfkeys@pathtoks=\toks30
\pgfkeys@temptoks=\toks31

(/usr/local/texlive/2022/texmf-dist/tex/generic/pgf/utilities/pgfkeysfiltered.c
ode.tex
\pgfkeys@tmptoks=\toks32
))
\pgf@x=\dimen180
\pgf@y=\dimen181
\pgf@xa=\dimen182
\pgf@ya=\dimen183
\pgf@xb=\dimen184
\pgf@yb=\dimen185
\pgf@xc=\dimen186
\pgf@yc=\dimen187
\pgf@xd=\dimen188
\pgf@yd=\dimen189
\w@pgf@writea=\write3
\r@pgf@reada=\read2
\c@pgf@counta=\count289
\c@pgf@countb=\count290
\c@pgf@countc=\count291
\c@pgf@countd=\count292
\t@pgf@toka=\toks33
\t@pgf@tokb=\toks34
\t@pgf@tokc=\toks35
\pgf@sys@id@count=\count293
(/usr/local/texlive/2022/texmf-dist/tex/generic/pgf/systemlayer/pgf.cfg
File: pgf.cfg 2021/05/15 v3.1.9a (3.1.9a)
)
Driver file for pgf: pgfsys-pdftex.def

(/usr/local/texlive/2022/texmf-dist/tex/generic/pgf/systemlayer/pgfsys-pdftex.d
ef
File: pgfsys-pdftex.def 2021/05/15 v3.1.9a (3.1.9a)

(/usr/local/texlive/2022/texmf-dist/tex/generic/pgf/systemlayer/pgfsys-common-p
df.def
File: pgfsys-common-pdf.def 2021/05/15 v3.1.9a (3.1.9a)
)))
(/usr/local/texlive/2022/texmf-dist/tex/generic/pgf/systemlayer/pgfsyssoftpath.
code.tex
File: pgfsyssoftpath.code.tex 2021/05/15 v3.1.9a (3.1.9a)
\pgfsyssoftpath@smallbuffer@items=\count294
\pgfsyssoftpath@bigbuffer@items=\count295
)
(/usr/local/texlive/2022/texmf-dist/tex/generic/pgf/systemlayer/pgfsysprotocol.
code.tex
File: pgfsysprotocol.code.tex 2021/05/15 v3.1.9a (3.1.9a)
))
(/usr/local/texlive/2022/texmf-dist/tex/generic/pgf/basiclayer/pgfcore.code.tex
Package: pgfcore 2021/05/15 v3.1.9a (3.1.9a)
(/usr/local/texlive/2022/texmf-dist/tex/generic/pgf/math/pgfmath.code.tex (/usr
/local/texlive/2022/texmf-dist/tex/generic/pgf/math/pgfmathcalc.code.tex (/usr/
local/texlive/2022/texmf-dist/tex/generic/pgf/math/pgfmathutil.code.tex)
(/usr/local/texlive/2022/texmf-dist/tex/generic/pgf/math/pgfmathparser.code.tex
\pgfmath@dimen=\dimen190
\pgfmath@count=\count296
\pgfmath@box=\box62
\pgfmath@toks=\toks36
\pgfmath@stack@operand=\toks37
\pgfmath@stack@operation=\toks38
)
(/usr/local/texlive/2022/texmf-dist/tex/generic/pgf/math/pgfmathfunctions.code.
tex
(/usr/local/texlive/2022/texmf-dist/tex/generic/pgf/math/pgfmathfunctions.basic
.code.tex)
(/usr/local/texlive/2022/texmf-dist/tex/generic/pgf/math/pgfmathfunctions.trigo
nometric.code.tex)
(/usr/local/texlive/2022/texmf-dist/tex/generic/pgf/math/pgfmathfunctions.rando
m.code.tex)
(/usr/local/texlive/2022/texmf-dist/tex/generic/pgf/math/pgfmathfunctions.compa
rison.code.tex)
(/usr/local/texlive/2022/texmf-dist/tex/generic/pgf/math/pgfmathfunctions.base.
code.tex)
(/usr/local/texlive/2022/texmf-dist/tex/generic/pgf/math/pgfmathfunctions.round
.code.tex)
(/usr/local/texlive/2022/texmf-dist/tex/generic/pgf/math/pgfmathfunctions.misc.
code.tex)
(/usr/local/texlive/2022/texmf-dist/tex/generic/pgf/math/pgfmathfunctions.integ
erarithmetics.code.tex))) (/usr/local/texlive/2022/texmf-dist/tex/generic/pgf/m
ath/pgfmathfloat.code.tex
\c@pgfmathroundto@lastzeros=\count297
)) (/usr/local/texlive/2022/texmf-dist/tex/generic/pgf/math/pgfint.code.tex)
(/usr/local/texlive/2022/texmf-dist/tex/generic/pgf/basiclayer/pgfcorepoints.co
de.tex
File: pgfcorepoints.code.tex 2021/05/15 v3.1.9a (3.1.9a)
\pgf@picminx=\dimen191
\pgf@picmaxx=\dimen192
\pgf@picminy=\dimen193
\pgf@picmaxy=\dimen194
\pgf@pathminx=\dimen195
\pgf@pathmaxx=\dimen196
\pgf@pathminy=\dimen197
\pgf@pathmaxy=\dimen198
\pgf@xx=\dimen199
\pgf@xy=\dimen256
\pgf@yx=\dimen257
\pgf@yy=\dimen258
\pgf@zx=\dimen259
\pgf@zy=\dimen260
)
(/usr/local/texlive/2022/texmf-dist/tex/generic/pgf/basiclayer/pgfcorepathconst
ruct.code.tex
File: pgfcorepathconstruct.code.tex 2021/05/15 v3.1.9a (3.1.9a)
\pgf@path@lastx=\dimen261
\pgf@path@lasty=\dimen262
)
(/usr/local/texlive/2022/texmf-dist/tex/generic/pgf/basiclayer/pgfcorepathusage
.code.tex
File: pgfcorepathusage.code.tex 2021/05/15 v3.1.9a (3.1.9a)
\pgf@shorten@end@additional=\dimen263
\pgf@shorten@start@additional=\dimen264
)
(/usr/local/texlive/2022/texmf-dist/tex/generic/pgf/basiclayer/pgfcorescopes.co
de.tex
File: pgfcorescopes.code.tex 2021/05/15 v3.1.9a (3.1.9a)
\pgfpic=\box63
\pgf@hbox=\box64
\pgf@layerbox@main=\box65
\pgf@picture@serial@count=\count298
)
(/usr/local/texlive/2022/texmf-dist/tex/generic/pgf/basiclayer/pgfcoregraphicst
ate.code.tex
File: pgfcoregraphicstate.code.tex 2021/05/15 v3.1.9a (3.1.9a)
\pgflinewidth=\dimen265
)
(/usr/local/texlive/2022/texmf-dist/tex/generic/pgf/basiclayer/pgfcoretransform
ations.code.tex
File: pgfcoretransformations.code.tex 2021/05/15 v3.1.9a (3.1.9a)
\pgf@pt@x=\dimen266
\pgf@pt@y=\dimen267
\pgf@pt@temp=\dimen268
)
(/usr/local/texlive/2022/texmf-dist/tex/generic/pgf/basiclayer/pgfcorequick.cod
e.tex
File: pgfcorequick.code.tex 2021/05/15 v3.1.9a (3.1.9a)
)
(/usr/local/texlive/2022/texmf-dist/tex/generic/pgf/basiclayer/pgfcoreobjects.c
ode.tex
File: pgfcoreobjects.code.tex 2021/05/15 v3.1.9a (3.1.9a)
)
(/usr/local/texlive/2022/texmf-dist/tex/generic/pgf/basiclayer/pgfcorepathproce
ssing.code.tex
File: pgfcorepathprocessing.code.tex 2021/05/15 v3.1.9a (3.1.9a)
)
(/usr/local/texlive/2022/texmf-dist/tex/generic/pgf/basiclayer/pgfcorearrows.co
de.tex
File: pgfcorearrows.code.tex 2021/05/15 v3.1.9a (3.1.9a)
\pgfarrowsep=\dimen269
)
(/usr/local/texlive/2022/texmf-dist/tex/generic/pgf/basiclayer/pgfcoreshade.cod
e.tex
File: pgfcoreshade.code.tex 2021/05/15 v3.1.9a (3.1.9a)
\pgf@max=\dimen270
\pgf@sys@shading@range@num=\count299
\pgf@shadingcount=\count300
)
(/usr/local/texlive/2022/texmf-dist/tex/generic/pgf/basiclayer/pgfcoreimage.cod
e.tex
File: pgfcoreimage.code.tex 2021/05/15 v3.1.9a (3.1.9a)

(/usr/local/texlive/2022/texmf-dist/tex/generic/pgf/basiclayer/pgfcoreexternal.
code.tex
File: pgfcoreexternal.code.tex 2021/05/15 v3.1.9a (3.1.9a)
\pgfexternal@startupbox=\box66
))
(/usr/local/texlive/2022/texmf-dist/tex/generic/pgf/basiclayer/pgfcorelayers.co
de.tex
File: pgfcorelayers.code.tex 2021/05/15 v3.1.9a (3.1.9a)
)
(/usr/local/texlive/2022/texmf-dist/tex/generic/pgf/basiclayer/pgfcoretranspare
ncy.code.tex
File: pgfcoretransparency.code.tex 2021/05/15 v3.1.9a (3.1.9a)
)
(/usr/local/texlive/2022/texmf-dist/tex/generic/pgf/basiclayer/pgfcorepatterns.
code.tex
File: pgfcorepatterns.code.tex 2021/05/15 v3.1.9a (3.1.9a)
)
(/usr/local/texlive/2022/texmf-dist/tex/generic/pgf/basiclayer/pgfcorerdf.code.
tex
File: pgfcorerdf.code.tex 2021/05/15 v3.1.9a (3.1.9a)
)))
(/usr/local/texlive/2022/texmf-dist/tex/generic/pgf/modules/pgfmoduleshapes.cod
e.tex
File: pgfmoduleshapes.code.tex 2021/05/15 v3.1.9a (3.1.9a)
\pgfnodeparttextbox=\box67
)
(/usr/local/texlive/2022/texmf-dist/tex/generic/pgf/modules/pgfmoduleplot.code.
tex
File: pgfmoduleplot.code.tex 2021/05/15 v3.1.9a (3.1.9a)
)
(/usr/local/texlive/2022/texmf-dist/tex/latex/pgf/compatibility/pgfcomp-version
-0-65.sty
Package: pgfcomp-version-0-65 2021/05/15 v3.1.9a (3.1.9a)
\pgf@nodesepstart=\dimen271
\pgf@nodesepend=\dimen272
)
(/usr/local/texlive/2022/texmf-dist/tex/latex/pgf/compatibility/pgfcomp-version
-1-18.sty
Package: pgfcomp-version-1-18 2021/05/15 v3.1.9a (3.1.9a)
)) (/usr/local/texlive/2022/texmf-dist/tex/latex/pgf/utilities/pgffor.sty (/usr
/local/texlive/2022/texmf-dist/tex/latex/pgf/utilities/pgfkeys.sty (/usr/local/
texlive/2022/texmf-dist/tex/generic/pgf/utilities/pgfkeys.code.tex)) (/usr/loca
l/texlive/2022/texmf-dist/tex/latex/pgf/math/pgfmath.sty (/usr/local/texlive/20
22/texmf-dist/tex/generic/pgf/math/pgfmath.code.tex)) (/usr/local/texlive/2022/
texmf-dist/tex/generic/pgf/utilities/pgffor.code.tex
Package: pgffor 2021/05/15 v3.1.9a (3.1.9a)
(/usr/local/texlive/2022/texmf-dist/tex/generic/pgf/math/pgfmath.code.tex)
\pgffor@iter=\dimen273
\pgffor@skip=\dimen274
\pgffor@stack=\toks39
\pgffor@toks=\toks40
))
(/usr/local/texlive/2022/texmf-dist/tex/generic/pgf/frontendlayer/tikz/tikz.cod
e.tex
Package: tikz 2021/05/15 v3.1.9a (3.1.9a)

(/usr/local/texlive/2022/texmf-dist/tex/generic/pgf/libraries/pgflibraryplothan
dlers.code.tex
File: pgflibraryplothandlers.code.tex 2021/05/15 v3.1.9a (3.1.9a)
\pgf@plot@mark@count=\count301
\pgfplotmarksize=\dimen275
)
\tikz@lastx=\dimen276
\tikz@lasty=\dimen277
\tikz@lastxsaved=\dimen278
\tikz@lastysaved=\dimen279
\tikz@lastmovetox=\dimen280
\tikz@lastmovetoy=\dimen281
\tikzleveldistance=\dimen282
\tikzsiblingdistance=\dimen283
\tikz@figbox=\box68
\tikz@figbox@bg=\box69
\tikz@tempbox=\box70
\tikz@tempbox@bg=\box71
\tikztreelevel=\count302
\tikznumberofchildren=\count303
\tikznumberofcurrentchild=\count304
\tikz@fig@count=\count305

(/usr/local/texlive/2022/texmf-dist/tex/generic/pgf/modules/pgfmodulematrix.cod
e.tex
File: pgfmodulematrix.code.tex 2021/05/15 v3.1.9a (3.1.9a)
\pgfmatrixcurrentrow=\count306
\pgfmatrixcurrentcolumn=\count307
\pgf@matrix@numberofcolumns=\count308
)
\tikz@expandcount=\count309

(/usr/local/texlive/2022/texmf-dist/tex/generic/pgf/frontendlayer/tikz/librarie
s/tikzlibrarytopaths.code.tex
File: tikzlibrarytopaths.code.tex 2021/05/15 v3.1.9a (3.1.9a)
))) (/usr/local/texlive/2022/texmf-dist/tex/latex/pgfplots/pgfplots.sty (/usr/l
ocal/texlive/2022/texmf-dist/tex/generic/pgfplots/pgfplots.revision.tex)
Package: pgfplots 2021/05/15 v1.18.1 Data Visualization (1.18.1)
(/usr/local/texlive/2022/texmf-dist/tex/generic/pgfplots/pgfplots.code.tex (/us
r/local/texlive/2022/texmf-dist/tex/generic/pgfplots/pgfplotscore.code.tex
\t@pgfplots@toka=\toks41
\t@pgfplots@tokb=\toks42
\t@pgfplots@tokc=\toks43
\pgfplots@tmpa=\dimen284
\c@pgfplots@coordindex=\count310
\c@pgfplots@scanlineindex=\count311

(/usr/local/texlive/2022/texmf-dist/tex/generic/pgfplots/sys/pgfplotssysgeneric
.code.tex))
(/usr/local/texlive/2022/texmf-dist/tex/generic/pgfplots/libs/pgfplotslibrary.c
ode.tex)
(/usr/local/texlive/2022/texmf-dist/tex/generic/pgfplots/oldpgfcompatib/pgfplot
soldpgfsupp_loader.code.tex
(/usr/local/texlive/2022/texmf-dist/tex/generic/pgf/libraries/pgflibraryfpu.cod
e.tex))
(/usr/local/texlive/2022/texmf-dist/tex/generic/pgfplots/util/pgfplotsutil.code
.tex
(/usr/local/texlive/2022/texmf-dist/tex/generic/pgfplots/liststructure/pgfplots
liststructure.code.tex)
(/usr/local/texlive/2022/texmf-dist/tex/generic/pgfplots/liststructure/pgfplots
liststructureext.code.tex)
(/usr/local/texlive/2022/texmf-dist/tex/generic/pgfplots/liststructure/pgfplots
array.code.tex
\c@pgfplotsarray@tmp=\count312
)
(/usr/local/texlive/2022/texmf-dist/tex/generic/pgfplots/liststructure/pgfplots
matrix.code.tex)
(/usr/local/texlive/2022/texmf-dist/tex/generic/pgfplots/numtable/pgfplotstable
shared.code.tex
\c@pgfplotstable@counta=\count313
\t@pgfplotstable@a=\toks44
)
(/usr/local/texlive/2022/texmf-dist/tex/generic/pgfplots/liststructure/pgfplots
deque.code.tex)
(/usr/local/texlive/2022/texmf-dist/tex/generic/pgfplots/util/pgfplotsbinary.co
de.tex
(/usr/local/texlive/2022/texmf-dist/tex/generic/pgfplots/util/pgfplotsbinary.da
ta.code.tex))
(/usr/local/texlive/2022/texmf-dist/tex/generic/pgfplots/util/pgfplotsutil.verb
.code.tex)
(/usr/local/texlive/2022/texmf-dist/tex/generic/pgfplots/libs/pgflibrarypgfplot
s.surfshading.code.tex
\c@pgfplotslibrarysurf@no=\count314

(/usr/local/texlive/2022/texmf-dist/tex/generic/pgfplots/sys/pgflibrarypgfplots
.surfshading.pgfsys-pdftex.def)))
(/usr/local/texlive/2022/texmf-dist/tex/generic/pgfplots/util/pgfplotscolormap.
code.tex
(/usr/local/texlive/2022/texmf-dist/tex/generic/pgfplots/util/pgfplotscolor.cod
e.tex))
(/usr/local/texlive/2022/texmf-dist/tex/generic/pgfplots/pgfplotsstackedplots.c
ode.tex)
(/usr/local/texlive/2022/texmf-dist/tex/generic/pgfplots/pgfplotsplothandlers.c
ode.tex
(/usr/local/texlive/2022/texmf-dist/tex/generic/pgfplots/pgfplotsmeshplothandle
r.code.tex
(/usr/local/texlive/2022/texmf-dist/tex/generic/pgfplots/pgfplotsmeshplotimage.
code.tex)))
(/usr/local/texlive/2022/texmf-dist/tex/generic/pgfplots/pgfplots.scaling.code.
tex)
(/usr/local/texlive/2022/texmf-dist/tex/generic/pgfplots/pgfplotscoordprocessin
g.code.tex)
(/usr/local/texlive/2022/texmf-dist/tex/generic/pgfplots/pgfplots.errorbars.cod
e.tex)
(/usr/local/texlive/2022/texmf-dist/tex/generic/pgfplots/pgfplots.markers.code.
tex)
(/usr/local/texlive/2022/texmf-dist/tex/generic/pgfplots/pgfplotsticks.code.tex
)
(/usr/local/texlive/2022/texmf-dist/tex/generic/pgfplots/pgfplots.paths.code.te
x)
(/usr/local/texlive/2022/texmf-dist/tex/generic/pgf/frontendlayer/tikz/librarie
s/tikzlibrarydecorations.code.tex
(/usr/local/texlive/2022/texmf-dist/tex/generic/pgf/modules/pgfmoduledecoration
s.code.tex
\pgfdecoratedcompleteddistance=\dimen285
\pgfdecoratedremainingdistance=\dimen286
\pgfdecoratedinputsegmentcompleteddistance=\dimen287
\pgfdecoratedinputsegmentremainingdistance=\dimen288
\pgf@decorate@distancetomove=\dimen289
\pgf@decorate@repeatstate=\count315
\pgfdecorationsegmentamplitude=\dimen290
\pgfdecorationsegmentlength=\dimen291
)
\tikz@lib@dec@box=\box72
)
(/usr/local/texlive/2022/texmf-dist/tex/generic/pgf/frontendlayer/tikz/librarie
s/tikzlibrarydecorations.pathmorphing.code.tex
(/usr/local/texlive/2022/texmf-dist/tex/generic/pgf/libraries/decorations/pgfli
brarydecorations.pathmorphing.code.tex))
(/usr/local/texlive/2022/texmf-dist/tex/generic/pgf/frontendlayer/tikz/librarie
s/tikzlibrarydecorations.pathreplacing.code.tex
(/usr/local/texlive/2022/texmf-dist/tex/generic/pgf/libraries/decorations/pgfli
brarydecorations.pathreplacing.code.tex))
(/usr/local/texlive/2022/texmf-dist/tex/generic/pgfplots/libs/tikzlibrarypgfplo
ts.contourlua.code.tex)
\pgfplots@numplots=\count316
\pgfplots@xmin@reg=\dimen292
\pgfplots@xmax@reg=\dimen293
\pgfplots@ymin@reg=\dimen294
\pgfplots@ymax@reg=\dimen295
\pgfplots@zmin@reg=\dimen296
\pgfplots@zmax@reg=\dimen297
)
(/usr/local/texlive/2022/texmf-dist/tex/generic/pgf/frontendlayer/tikz/librarie
s/tikzlibraryplotmarks.code.tex
File: tikzlibraryplotmarks.code.tex 2021/05/15 v3.1.9a (3.1.9a)

(/usr/local/texlive/2022/texmf-dist/tex/generic/pgf/libraries/pgflibraryplotmar
ks.code.tex
File: pgflibraryplotmarks.code.tex 2021/05/15 v3.1.9a (3.1.9a)
))) (/usr/local/texlive/2022/texmf-dist/tex/latex/dutchcal/dutchcal.sty
Package: dutchcal 2011/06/16 v1 U/dutchcal
(/usr/local/texlive/2022/texmf-dist/tex/latex/xkeyval/xkeyval.sty
Package: xkeyval 2020/11/20 v2.8 package option processing (HA)
(/usr/local/texlive/2022/texmf-dist/tex/generic/xkeyval/xkeyval.tex (/usr/local
/texlive/2022/texmf-dist/tex/generic/xkeyval/xkvutils.tex
\XKV@toks=\toks45
\XKV@tempa@toks=\toks46
)
\XKV@depth=\count317
File: xkeyval.tex 2014/12/03 v2.7a key=value parser (HA)
))
LaTeX Font Info:    Redeclaring math alphabet \mathcal on input line 8.
LaTeX Font Info:    Overwriting math alphabet `\mathcal' in version `bold'
(Font)                  U/dutchcal/m/n --> U/dutchcal/b/n on input line 9.
) (/usr/local/texlive/2022/texmf-dist/tex/latex/bookmark/bookmark.sty
Package: bookmark 2020-11-06 v1.29 PDF bookmarks (HO)
(/usr/local/texlive/2022/texmf-dist/tex/latex/hyperref/hyperref.sty
Package: hyperref 2022-02-21 v7.00n Hypertext links for LaTeX
(/usr/local/texlive/2022/texmf-dist/tex/generic/pdftexcmds/pdftexcmds.sty
Package: pdftexcmds 2020-06-27 v0.33 Utility functions of pdfTeX for LuaTeX (HO
)
(/usr/local/texlive/2022/texmf-dist/tex/generic/infwarerr/infwarerr.sty
Package: infwarerr 2019/12/03 v1.5 Providing info/warning/error messages (HO)
)
Package pdftexcmds Info: \pdf@primitive is available.
Package pdftexcmds Info: \pdf@ifprimitive is available.
Package pdftexcmds Info: \pdfdraftmode found.
) (/usr/local/texlive/2022/texmf-dist/tex/generic/kvdefinekeys/kvdefinekeys.sty
Package: kvdefinekeys 2019-12-19 v1.6 Define keys (HO)
) (/usr/local/texlive/2022/texmf-dist/tex/generic/pdfescape/pdfescape.sty
Package: pdfescape 2019/12/09 v1.15 Implements pdfTeX's escape features (HO)
) (/usr/local/texlive/2022/texmf-dist/tex/latex/hycolor/hycolor.sty
Package: hycolor 2020-01-27 v1.10 Color options for hyperref/bookmark (HO)
) (/usr/local/texlive/2022/texmf-dist/tex/latex/letltxmacro/letltxmacro.sty
Package: letltxmacro 2019/12/03 v1.6 Let assignment for LaTeX macros (HO)
) (/usr/local/texlive/2022/texmf-dist/tex/latex/auxhook/auxhook.sty
Package: auxhook 2019-12-17 v1.6 Hooks for auxiliary files (HO)
)
\@linkdim=\dimen298
\Hy@linkcounter=\count318
\Hy@pagecounter=\count319
(/usr/local/texlive/2022/texmf-dist/tex/latex/hyperref/pd1enc.def
File: pd1enc.def 2022-02-21 v7.00n Hyperref: PDFDocEncoding definition (HO)
Now handling font encoding PD1 ...
... no UTF-8 mapping file for font encoding PD1
) (/usr/local/texlive/2022/texmf-dist/tex/generic/intcalc/intcalc.sty
Package: intcalc 2019/12/15 v1.3 Expandable calculations with integers (HO)
) (/usr/local/texlive/2022/texmf-dist/tex/generic/etexcmds/etexcmds.sty
Package: etexcmds 2019/12/15 v1.7 Avoid name clashes with e-TeX commands (HO)
)
\Hy@SavedSpaceFactor=\count320
(/usr/local/texlive/2022/texmf-dist/tex/latex/hyperref/puenc.def
File: puenc.def 2022-02-21 v7.00n Hyperref: PDF Unicode definition (HO)
Now handling font encoding PU ...
... no UTF-8 mapping file for font encoding PU
)
Package hyperref Info: Option `unicode' set `true' on input line 4018.
Package hyperref Info: Hyper figures OFF on input line 4137.
Package hyperref Info: Link nesting OFF on input line 4142.
Package hyperref Info: Hyper index ON on input line 4145.
Package hyperref Info: Plain pages OFF on input line 4152.
Package hyperref Info: Backreferencing OFF on input line 4157.
Package hyperref Info: Implicit mode ON; LaTeX internals redefined.
Package hyperref Info: Bookmarks ON on input line 4390.
\c@Hy@tempcnt=\count321
(/usr/local/texlive/2022/texmf-dist/tex/latex/url/url.sty
\Urlmuskip=\muskip17
Package: url 2013/09/16  ver 3.4  Verb mode for urls, etc.
)
LaTeX Info: Redefining \url on input line 4749.
\XeTeXLinkMargin=\dimen299
(/usr/local/texlive/2022/texmf-dist/tex/generic/bitset/bitset.sty
Package: bitset 2019/12/09 v1.3 Handle bit-vector datatype (HO)
(/usr/local/texlive/2022/texmf-dist/tex/generic/bigintcalc/bigintcalc.sty
Package: bigintcalc 2019/12/15 v1.5 Expandable calculations on big integers (HO
)
))
\Fld@menulength=\count322
\Field@Width=\dimen300
\Fld@charsize=\dimen301
Package hyperref Info: Hyper figures OFF on input line 6027.
Package hyperref Info: Link nesting OFF on input line 6032.
Package hyperref Info: Hyper index ON on input line 6035.
Package hyperref Info: backreferencing OFF on input line 6042.
Package hyperref Info: Link coloring OFF on input line 6047.
Package hyperref Info: Link coloring with OCG OFF on input line 6052.
Package hyperref Info: PDF/A mode OFF on input line 6057.
LaTeX Info: Redefining \ref on input line 6097.
LaTeX Info: Redefining \pageref on input line 6101.
(/usr/local/texlive/2022/texmf-dist/tex/latex/base/atbegshi-ltx.sty
Package: atbegshi-ltx 2021/01/10 v1.0c Emulation of the original atbegshi
package with kernel methods
)
\Hy@abspage=\count323
\c@Item=\count324
\c@Hfootnote=\count325
)
Package hyperref Info: Driver (autodetected): hpdftex.
(/usr/local/texlive/2022/texmf-dist/tex/latex/hyperref/hpdftex.def
File: hpdftex.def 2022-02-21 v7.00n Hyperref driver for pdfTeX
(/usr/local/texlive/2022/texmf-dist/tex/latex/base/atveryend-ltx.sty
Package: atveryend-ltx 2020/08/19 v1.0a Emulation of the original atveryend pac
kage
with kernel methods
)
\Fld@listcount=\count326
\c@bookmark@seq@number=\count327

(/usr/local/texlive/2022/texmf-dist/tex/latex/rerunfilecheck/rerunfilecheck.sty
Package: rerunfilecheck 2019/12/05 v1.9 Rerun checks for auxiliary files (HO)

(/usr/local/texlive/2022/texmf-dist/tex/generic/uniquecounter/uniquecounter.sty
Package: uniquecounter 2019/12/15 v1.4 Provide unlimited unique counter (HO)
)
Package uniquecounter Info: New unique counter `rerunfilecheck' on input line 2
86.
)
\Hy@SectionHShift=\skip62
) (/usr/local/texlive/2022/texmf-dist/tex/latex/bookmark/bkm-pdftex.def
File: bkm-pdftex.def 2020-11-06 v1.29 bookmark driver for pdfTeX (HO)
\BKM@id=\count328
)) (/usr/local/texlive/2022/texmf-dist/tex/latex/xurl/xurl.sty
Package: xurl 2022/01/09 v 0.10 modify URL breaks
) (/usr/local/texlive/2022/texmf-dist/tex/latex/l3backend/l3backend-pdftex.def
File: l3backend-pdftex.def 2022-02-07 L3 backend support: PDF output (pdfTeX)
\l__color_backend_stack_int=\count329
\l__pdf_internal_box=\box73
) (./proyecto_modelos_lineales.aux)
\openout1 = `proyecto_modelos_lineales.aux'.

LaTeX Font Info:    Checking defaults for OML/cmm/m/it on input line 84.
LaTeX Font Info:    ... okay on input line 84.
LaTeX Font Info:    Checking defaults for OMS/cmsy/m/n on input line 84.
LaTeX Font Info:    ... okay on input line 84.
LaTeX Font Info:    Checking defaults for OT1/cmr/m/n on input line 84.
LaTeX Font Info:    ... okay on input line 84.
LaTeX Font Info:    Checking defaults for T1/cmr/m/n on input line 84.
LaTeX Font Info:    ... okay on input line 84.
LaTeX Font Info:    Checking defaults for TS1/cmr/m/n on input line 84.
LaTeX Font Info:    ... okay on input line 84.
LaTeX Font Info:    Checking defaults for OMX/cmex/m/n on input line 84.
LaTeX Font Info:    ... okay on input line 84.
LaTeX Font Info:    Checking defaults for U/cmr/m/n on input line 84.
LaTeX Font Info:    ... okay on input line 84.
LaTeX Font Info:    Checking defaults for PD1/pdf/m/n on input line 84.
LaTeX Font Info:    ... okay on input line 84.
LaTeX Font Info:    Checking defaults for PU/pdf/m/n on input line 84.
LaTeX Font Info:    ... okay on input line 84.
LaTeX Info: Redefining \microtypecontext on input line 84.
Package microtype Info: Applying patch `item' on input line 84.
Package microtype Info: Applying patch `toc' on input line 84.
Package microtype Info: Applying patch `eqnum' on input line 84.
Package microtype Info: Applying patch `footnote' on input line 84.
Package microtype Info: Generating PDF output.
Package microtype Info: Character protrusion enabled (level 2).
Package microtype Info: Using protrusion set `basicmath'.
Package microtype Info: Automatic font expansion enabled (level 2),
(microtype)             stretch: 20, shrink: 20, step: 1, non-selected.
Package microtype Info: Using default expansion set `alltext-nott'.
LaTeX Info: Redefining \showhyphens on input line 84.
Package microtype Info: No adjustment of tracking.
Package microtype Info: No adjustment of interword spacing.
Package microtype Info: No adjustment of character kerning.
(/usr/local/texlive/2022/texmf-dist/tex/latex/microtype/mt-cmr.cfg
File: mt-cmr.cfg 2013/05/19 v2.2 microtype config. file: Computer Modern Roman 
(RS)
) (/usr/local/texlive/2022/texmf-dist/tex/context/base/mkii/supp-pdf.mkii
[Loading MPS to PDF converter (version 2006.09.02).]
\scratchcounter=\count330
\scratchdimen=\dimen302
\scratchbox=\box74
\nofMPsegments=\count331
\nofMParguments=\count332
\everyMPshowfont=\toks47
\MPscratchCnt=\count333
\MPscratchDim=\dimen303
\MPnumerator=\count334
\makeMPintoPDFobject=\count335
\everyMPtoPDFconversion=\toks48
) (/usr/local/texlive/2022/texmf-dist/tex/latex/epstopdf-pkg/epstopdf-base.sty
Package: epstopdf-base 2020-01-24 v2.11 Base part for package epstopdf
Package epstopdf-base Info: Redefining graphics rule for `.eps' on input line 4
85.
(/usr/local/texlive/2022/texmf-dist/tex/latex/latexconfig/epstopdf-sys.cfg
File: epstopdf-sys.cfg 2010/07/13 v1.3 Configuration of (r)epstopdf for TeX Liv
e
))
*geometry* driver: auto-detecting
*geometry* detected driver: pdftex
*geometry* verbose mode - [ preamble ] result:
* driver: pdftex
* paper: <default>
* layout: <same size as paper>
* layoutoffset:(h,v)=(0.0pt,0.0pt)
* modes: 
* h-part:(L,W,R)=(72.26999pt, 469.75502pt, 72.26999pt)
* v-part:(T,H,B)=(72.26999pt, 650.43001pt, 72.26999pt)
* \paperwidth=614.295pt
* \paperheight=794.96999pt
* \textwidth=469.75502pt
* \textheight=650.43001pt
* \oddsidemargin=0.0pt
* \evensidemargin=0.0pt
* \topmargin=-37.0pt
* \headheight=12.0pt
* \headsep=25.0pt
* \topskip=10.0pt
* \footskip=30.0pt
* \marginparwidth=65.0pt
* \marginparsep=11.0pt
* \columnsep=10.0pt
* \skip\footins=9.0pt plus 4.0pt minus 2.0pt
* \hoffset=0.0pt
* \voffset=0.0pt
* \mag=1000
* \@twocolumnfalse
* \@twosidefalse
* \@mparswitchfalse
* \@reversemarginfalse
* (1in=72.27pt=25.4mm, 1cm=28.453pt)


Package pgfplots Warning: running in backwards compatibility mode (unsuitable t
ick labels; missing features). Consider writing \pgfplotsset{compat=1.18} into 
your preamble.
 on input line 84.

Package hyperref Info: Link coloring OFF on input line 84.
(/usr/local/texlive/2022/texmf-dist/tex/latex/hyperref/nameref.sty
Package: nameref 2021-04-02 v2.47 Cross-referencing by name of section
(/usr/local/texlive/2022/texmf-dist/tex/latex/refcount/refcount.sty
Package: refcount 2019/12/15 v3.6 Data extraction from label references (HO)
)
(/usr/local/texlive/2022/texmf-dist/tex/generic/gettitlestring/gettitlestring.s
ty
Package: gettitlestring 2019/12/15 v1.6 Cleanup title references (HO)
)
\c@section@level=\count336
)
LaTeX Info: Redefining \ref on input line 84.
LaTeX Info: Redefining \pageref on input line 84.
LaTeX Info: Redefining \nameref on input line 84.
LaTeX Font Info:    Trying to load font information for OT1+lmr on input line 8
6.
(/usr/local/texlive/2022/texmf-dist/tex/latex/lm/ot1lmr.fd
File: ot1lmr.fd 2015/05/01 v1.6.1 Font defs for Latin Modern
)
LaTeX Font Info:    Trying to load font information for OML+lmm on input line 8
6.
(/usr/local/texlive/2022/texmf-dist/tex/latex/lm/omllmm.fd
File: omllmm.fd 2015/05/01 v1.6.1 Font defs for Latin Modern
)
LaTeX Font Info:    Trying to load font information for OMS+lmsy on input line 
86.
(/usr/local/texlive/2022/texmf-dist/tex/latex/lm/omslmsy.fd
File: omslmsy.fd 2015/05/01 v1.6.1 Font defs for Latin Modern
)
LaTeX Font Info:    Trying to load font information for OMX+lmex on input line 
86.
(/usr/local/texlive/2022/texmf-dist/tex/latex/lm/omxlmex.fd
File: omxlmex.fd 2015/05/01 v1.6.1 Font defs for Latin Modern
)
LaTeX Font Info:    External font `lmex10' loaded for size
(Font)              <12> on input line 86.
LaTeX Font Info:    External font `lmex10' loaded for size
(Font)              <8> on input line 86.
LaTeX Font Info:    External font `lmex10' loaded for size
(Font)              <6> on input line 86.
LaTeX Font Info:    Trying to load font information for U+msa on input line 86.

(/usr/local/texlive/2022/texmf-dist/tex/latex/amsfonts/umsa.fd
File: umsa.fd 2013/01/14 v3.01 AMS symbols A
) (/usr/local/texlive/2022/texmf-dist/tex/latex/microtype/mt-msa.cfg
File: mt-msa.cfg 2006/02/04 v1.1 microtype config. file: AMS symbols (a) (RS)
)
LaTeX Font Info:    Trying to load font information for U+msb on input line 86.

(/usr/local/texlive/2022/texmf-dist/tex/latex/amsfonts/umsb.fd
File: umsb.fd 2013/01/14 v3.01 AMS symbols B
) (/usr/local/texlive/2022/texmf-dist/tex/latex/microtype/mt-msb.cfg
File: mt-msb.cfg 2005/06/01 v1.0 microtype config. file: AMS symbols (b) (RS)
)
LaTeX Font Info:    Trying to load font information for TS1+lmr on input line 9
4.
(/usr/local/texlive/2022/texmf-dist/tex/latex/lm/ts1lmr.fd
File: ts1lmr.fd 2015/05/01 v1.6.1 Font defs for Latin Modern
) [1

{/usr/local/texlive/2022/texmf-var/fonts/map/pdftex/updmap/pdftex.map}]
Overfull \hbox (0.11523pt too wide) in alignment at lines 249--267
 [] [] [] [] [] [] [] 
 []


Overfull \hbox (0.11523pt too wide) in alignment at lines 267--270
 [] [] [] [] [] [] [] 
 []

<proyecto_modelos_lineales_files/figure-latex/unnamed-chunk-2-1.pdf, id=28, 462
.72874pt x 315.1775pt>
File: proyecto_modelos_lineales_files/figure-latex/unnamed-chunk-2-1.pdf Graphi
c file (type pdf)
<use proyecto_modelos_lineales_files/figure-latex/unnamed-chunk-2-1.pdf>
Package pdftex.def Info: proyecto_modelos_lineales_files/figure-latex/unnamed-c
hunk-2-1.pdf  used on input line 272.
(pdftex.def)             Requested size: 375.81085pt x 255.97528pt.
[2]
LaTeX Font Info:    External font `lmex10' loaded for size
(Font)              <10> on input line 292.
LaTeX Font Info:    External font `lmex10' loaded for size
(Font)              <7> on input line 292.
LaTeX Font Info:    External font `lmex10' loaded for size
(Font)              <5> on input line 292.

Overfull \hbox (1.90005pt too wide) in paragraph at lines 303--303
[]|\T1/lmr/m/n/10 (-20) Double| 
 []


Overfull \hbox (1.90005pt too wide) in paragraph at lines 305--305
[]|\T1/lmr/m/n/10 (-20) Double| 
 []


Overfull \hbox (1.90005pt too wide) in paragraph at lines 309--309
[]|\T1/lmr/m/n/10 (-20) Double| 
 []


Overfull \hbox (1.90005pt too wide) in paragraph at lines 321--321
[]|\T1/lmr/m/n/10 (-20) Double| 
 []


Overfull \hbox (1.90005pt too wide) in paragraph at lines 323--323
[]|\T1/lmr/m/n/10 (-20) Double| 
 []


Overfull \hbox (7.43628pt too wide) in paragraph at lines 292--329
 [] 
 []

[3 <./proyecto_modelos_lineales_files/figure-latex/unnamed-chunk-2-1.pdf>]
Overfull \hbox (25.53261pt too wide) in paragraph at lines 365--366
[]\T1/lmr/m/n/10 (-20) EVALUACION_DOCENTE  
 []


Overfull \hbox (25.53261pt too wide) in paragraph at lines 383--384
[]\T1/lmr/m/n/10 (-20) EVALUACION_DOCENTE  
 []

<proyecto_modelos_lineales_files/figure-latex/unnamed-chunk-4-1.pdf, id=63, 459
.7175pt x 315.1775pt>
File: proyecto_modelos_lineales_files/figure-latex/unnamed-chunk-4-1.pdf Graphi
c file (type pdf)
<use proyecto_modelos_lineales_files/figure-latex/unnamed-chunk-4-1.pdf>
Package pdftex.def Info: proyecto_modelos_lineales_files/figure-latex/unnamed-c
hunk-4-1.pdf  used on input line 407.
(pdftex.def)             Requested size: 459.74442pt x 315.19595pt.
[4 <./proyecto_modelos_lineales_files/figure-latex/unnamed-chunk-4-1.pdf>]
<proyecto_modelos_lineales_files/figure-latex/unnamed-chunk-5-1.pdf, id=83, 460
.72125pt x 315.1775pt>
File: proyecto_modelos_lineales_files/figure-latex/unnamed-chunk-5-1.pdf Graphi
c file (type pdf)
<use proyecto_modelos_lineales_files/figure-latex/unnamed-chunk-5-1.pdf>
Package pdftex.def Info: proyecto_modelos_lineales_files/figure-latex/unnamed-c
hunk-5-1.pdf  used on input line 484.
(pdftex.def)             Requested size: 460.72012pt x 315.17673pt.
[5 <./proyecto_modelos_lineales_files/figure-latex/unnamed-chunk-5-1.pdf>]
<proyecto_modelos_lineales_files/figure-latex/unnamed-chunk-7-1.pdf, id=97, 459
.7175pt x 315.1775pt>
File: proyecto_modelos_lineales_files/figure-latex/unnamed-chunk-7-1.pdf Graphi
c file (type pdf)
<use proyecto_modelos_lineales_files/figure-latex/unnamed-chunk-7-1.pdf>
Package pdftex.def Info: proyecto_modelos_lineales_files/figure-latex/unnamed-c
hunk-7-1.pdf  used on input line 553.
(pdftex.def)             Requested size: 459.74442pt x 315.19595pt.
<proyecto_modelos_lineales_files/figure-latex/unnamed-chunk-8-1.pdf, id=98, 459
.7175pt x 313.17pt>
File: proyecto_modelos_lineales_files/figure-latex/unnamed-chunk-8-1.pdf Graphi
c file (type pdf)
<use proyecto_modelos_lineales_files/figure-latex/unnamed-chunk-8-1.pdf>
Package pdftex.def Info: proyecto_modelos_lineales_files/figure-latex/unnamed-c
hunk-8-1.pdf  used on input line 555.
(pdftex.def)             Requested size: 459.7304pt x 313.17877pt.
[6 <./proyecto_modelos_lineales_files/figure-latex/unnamed-chunk-7-1.pdf>]
LaTeX Font Info:    Trying to load font information for T1+lmtt on input line 5
57.
(/usr/local/texlive/2022/texmf-dist/tex/latex/lm/t1lmtt.fd
File: t1lmtt.fd 2015/05/01 v1.6.1 Font defs for Latin Modern
) [7 <./proyecto_modelos_lineales_files/figure-latex/unnamed-chunk-8-1.pdf>] [8
]
<proyecto_modelos_lineales_files/figure-latex/unnamed-chunk-9-1.pdf, id=150, 44
9.68pt x 305.14pt>
File: proyecto_modelos_lineales_files/figure-latex/unnamed-chunk-9-1.pdf Graphi
c file (type pdf)
<use proyecto_modelos_lineales_files/figure-latex/unnamed-chunk-9-1.pdf>
Package pdftex.def Info: proyecto_modelos_lineales_files/figure-latex/unnamed-c
hunk-9-1.pdf  used on input line 713.
(pdftex.def)             Requested size: 449.69948pt x 305.1532pt.
<proyecto_modelos_lineales_files/figure-latex/unnamed-chunk-11-1.pdf, id=151, 4
53.695pt x 315.1775pt>
File: proyecto_modelos_lineales_files/figure-latex/unnamed-chunk-11-1.pdf Graph
ic file (type pdf)
<use proyecto_modelos_lineales_files/figure-latex/unnamed-chunk-11-1.pdf>
Package pdftex.def Info: proyecto_modelos_lineales_files/figure-latex/unnamed-c
hunk-11-1.pdf  used on input line 814.
(pdftex.def)             Requested size: 375.80525pt x 261.06824pt.
[9 <./proyecto_modelos_lineales_files/figure-latex/unnamed-chunk-9-1.pdf>]
<proyecto_modelos_lineales_files/figure-latex/unnamed-chunk-12-1.pdf, id=175, 4
53.695pt x 313.17pt>
File: proyecto_modelos_lineales_files/figure-latex/unnamed-chunk-12-1.pdf Graph
ic file (type pdf)
<use proyecto_modelos_lineales_files/figure-latex/unnamed-chunk-12-1.pdf>
Package pdftex.def Info: proyecto_modelos_lineales_files/figure-latex/unnamed-c
hunk-12-1.pdf  used on input line 823.
(pdftex.def)             Requested size: 375.80525pt x 259.40538pt.
[10 <./proyecto_modelos_lineales_files/figure-latex/unnamed-chunk-11-1.pdf> <./
proyecto_modelos_lineales_files/figure-latex/unnamed-chunk-12-1.pdf>]
<proyecto_modelos_lineales_files/figure-latex/unnamed-chunk-13-1.pdf, id=194, 4
59.7175pt x 313.17pt>
File: proyecto_modelos_lineales_files/figure-latex/unnamed-chunk-13-1.pdf Graph
ic file (type pdf)
<use proyecto_modelos_lineales_files/figure-latex/unnamed-chunk-13-1.pdf>
Package pdftex.def Info: proyecto_modelos_lineales_files/figure-latex/unnamed-c
hunk-13-1.pdf  used on input line 858.
(pdftex.def)             Requested size: 375.82738pt x 256.02214pt.
<proyecto_modelos_lineales_files/figure-latex/unnamed-chunk-14-1.pdf, id=195, 4
59.7175pt x 313.17pt>
File: proyecto_modelos_lineales_files/figure-latex/unnamed-chunk-14-1.pdf Graph
ic file (type pdf)
<use proyecto_modelos_lineales_files/figure-latex/unnamed-chunk-14-1.pdf>
Package pdftex.def Info: proyecto_modelos_lineales_files/figure-latex/unnamed-c
hunk-14-1.pdf  used on input line 865.
(pdftex.def)             Requested size: 375.82738pt x 256.02214pt.
<proyecto_modelos_lineales_files/figure-latex/unnamed-chunk-15-1.pdf, id=196, 4
59.7175pt x 315.1775pt>
File: proyecto_modelos_lineales_files/figure-latex/unnamed-chunk-15-1.pdf Graph
ic file (type pdf)
<use proyecto_modelos_lineales_files/figure-latex/unnamed-chunk-15-1.pdf>
Package pdftex.def Info: proyecto_modelos_lineales_files/figure-latex/unnamed-c
hunk-15-1.pdf  used on input line 869.
(pdftex.def)             Requested size: 459.74442pt x 315.19595pt.
[11 <./proyecto_modelos_lineales_files/figure-latex/unnamed-chunk-13-1.pdf> <./
proyecto_modelos_lineales_files/figure-latex/unnamed-chunk-14-1.pdf>]
<proyecto_modelos_lineales_files/figure-latex/unnamed-chunk-15-2.pdf, id=216, 4
59.7175pt x 315.1775pt>
File: proyecto_modelos_lineales_files/figure-latex/unnamed-chunk-15-2.pdf Graph
ic file (type pdf)
<use proyecto_modelos_lineales_files/figure-latex/unnamed-chunk-15-2.pdf>
Package pdftex.def Info: proyecto_modelos_lineales_files/figure-latex/unnamed-c
hunk-15-2.pdf  used on input line 871.
(pdftex.def)             Requested size: 459.74442pt x 315.19595pt.
<proyecto_modelos_lineales_files/figure-latex/unnamed-chunk-16-1.pdf, id=217, 4
59.7175pt x 315.1775pt>
File: proyecto_modelos_lineales_files/figure-latex/unnamed-chunk-16-1.pdf Graph
ic file (type pdf)
<use proyecto_modelos_lineales_files/figure-latex/unnamed-chunk-16-1.pdf>
Package pdftex.def Info: proyecto_modelos_lineales_files/figure-latex/unnamed-c
hunk-16-1.pdf  used on input line 873.
(pdftex.def)             Requested size: 459.74442pt x 315.19595pt.
[12 <./proyecto_modelos_lineales_files/figure-latex/unnamed-chunk-15-1.pdf> <./
proyecto_modelos_lineales_files/figure-latex/unnamed-chunk-15-2.pdf>]
<proyecto_modelos_lineales_files/figure-latex/unnamed-chunk-17-1.pdf, id=236, 4
29.605pt x 285.065pt>
File: proyecto_modelos_lineales_files/figure-latex/unnamed-chunk-17-1.pdf Graph
ic file (type pdf)
<use proyecto_modelos_lineales_files/figure-latex/unnamed-chunk-17-1.pdf>
Package pdftex.def Info: proyecto_modelos_lineales_files/figure-latex/unnamed-c
hunk-17-1.pdf  used on input line 897.
(pdftex.def)             Requested size: 429.60394pt x 285.0643pt.
[13 <./proyecto_modelos_lineales_files/figure-latex/unnamed-chunk-16-1.pdf>]
<proyecto_modelos_lineales_files/figure-latex/unnamed-chunk-18-1.pdf, id=251, 4
59.7175pt x 315.1775pt>
File: proyecto_modelos_lineales_files/figure-latex/unnamed-chunk-18-1.pdf Graph
ic file (type pdf)
<use proyecto_modelos_lineales_files/figure-latex/unnamed-chunk-18-1.pdf>
Package pdftex.def Info: proyecto_modelos_lineales_files/figure-latex/unnamed-c
hunk-18-1.pdf  used on input line 906.
(pdftex.def)             Requested size: 459.74442pt x 315.19595pt.
[14 <./proyecto_modelos_lineales_files/figure-latex/unnamed-chunk-17-1.pdf>]
<proyecto_modelos_lineales_files/figure-latex/unnamed-chunk-19-1.pdf, id=263, 4
59.7175pt x 315.1775pt>
File: proyecto_modelos_lineales_files/figure-latex/unnamed-chunk-19-1.pdf Graph
ic file (type pdf)
<use proyecto_modelos_lineales_files/figure-latex/unnamed-chunk-19-1.pdf>
Package pdftex.def Info: proyecto_modelos_lineales_files/figure-latex/unnamed-c
hunk-19-1.pdf  used on input line 912.
(pdftex.def)             Requested size: 459.74442pt x 315.19595pt.
[15 <./proyecto_modelos_lineales_files/figure-latex/unnamed-chunk-18-1.pdf>]
<proyecto_modelos_lineales_files/figure-latex/unnamed-chunk-20-1.pdf, id=275, 4
59.7175pt x 315.1775pt>
File: proyecto_modelos_lineales_files/figure-latex/unnamed-chunk-20-1.pdf Graph
ic file (type pdf)
<use proyecto_modelos_lineales_files/figure-latex/unnamed-chunk-20-1.pdf>
Package pdftex.def Info: proyecto_modelos_lineales_files/figure-latex/unnamed-c
hunk-20-1.pdf  used on input line 918.
(pdftex.def)             Requested size: 459.74442pt x 315.19595pt.
[16 <./proyecto_modelos_lineales_files/figure-latex/unnamed-chunk-19-1.pdf>]
<proyecto_modelos_lineales_files/figure-latex/unnamed-chunk-21-1.pdf, id=288, 4
59.7175pt x 315.1775pt>
File: proyecto_modelos_lineales_files/figure-latex/unnamed-chunk-21-1.pdf Graph
ic file (type pdf)
<use proyecto_modelos_lineales_files/figure-latex/unnamed-chunk-21-1.pdf>
Package pdftex.def Info: proyecto_modelos_lineales_files/figure-latex/unnamed-c
hunk-21-1.pdf  used on input line 925.
(pdftex.def)             Requested size: 459.74442pt x 315.19595pt.
[17 <./proyecto_modelos_lineales_files/figure-latex/unnamed-chunk-20-1.pdf>]
<proyecto_modelos_lineales_files/figure-latex/unnamed-chunk-22-1.pdf, id=300, 4
59.7175pt x 315.1775pt>
File: proyecto_modelos_lineales_files/figure-latex/unnamed-chunk-22-1.pdf Graph
ic file (type pdf)
<use proyecto_modelos_lineales_files/figure-latex/unnamed-chunk-22-1.pdf>
Package pdftex.def Info: proyecto_modelos_lineales_files/figure-latex/unnamed-c
hunk-22-1.pdf  used on input line 931.
(pdftex.def)             Requested size: 459.74442pt x 315.19595pt.
[18 <./proyecto_modelos_lineales_files/figure-latex/unnamed-chunk-21-1.pdf>]
<proyecto_modelos_lineales_files/figure-latex/unnamed-chunk-23-1.pdf, id=312, 4
59.7175pt x 315.1775pt>
File: proyecto_modelos_lineales_files/figure-latex/unnamed-chunk-23-1.pdf Graph
ic file (type pdf)
<use proyecto_modelos_lineales_files/figure-latex/unnamed-chunk-23-1.pdf>
Package pdftex.def Info: proyecto_modelos_lineales_files/figure-latex/unnamed-c
hunk-23-1.pdf  used on input line 938.
(pdftex.def)             Requested size: 459.74442pt x 315.19595pt.
[19 <./proyecto_modelos_lineales_files/figure-latex/unnamed-chunk-22-1.pdf>]
<proyecto_modelos_lineales_files/figure-latex/unnamed-chunk-24-1.pdf, id=325, 4
60.72125pt x 315.1775pt>
File: proyecto_modelos_lineales_files/figure-latex/unnamed-chunk-24-1.pdf Graph
ic file (type pdf)
<use proyecto_modelos_lineales_files/figure-latex/unnamed-chunk-24-1.pdf>
Package pdftex.def Info: proyecto_modelos_lineales_files/figure-latex/unnamed-c
hunk-24-1.pdf  used on input line 945.
(pdftex.def)             Requested size: 460.72012pt x 315.17673pt.
[20 <./proyecto_modelos_lineales_files/figure-latex/unnamed-chunk-23-1.pdf>]
<proyecto_modelos_lineales_files/figure-latex/unnamed-chunk-25-1.pdf, id=337, 4
59.7175pt x 315.1775pt>
File: proyecto_modelos_lineales_files/figure-latex/unnamed-chunk-25-1.pdf Graph
ic file (type pdf)
<use proyecto_modelos_lineales_files/figure-latex/unnamed-chunk-25-1.pdf>
Package pdftex.def Info: proyecto_modelos_lineales_files/figure-latex/unnamed-c
hunk-25-1.pdf  used on input line 951.
(pdftex.def)             Requested size: 459.74442pt x 315.19595pt.
[21 <./proyecto_modelos_lineales_files/figure-latex/unnamed-chunk-24-1.pdf>]
<proyecto_modelos_lineales_files/figure-latex/unnamed-chunk-26-1.pdf, id=349, 4
59.7175pt x 315.1775pt>
File: proyecto_modelos_lineales_files/figure-latex/unnamed-chunk-26-1.pdf Graph
ic file (type pdf)
<use proyecto_modelos_lineales_files/figure-latex/unnamed-chunk-26-1.pdf>
Package pdftex.def Info: proyecto_modelos_lineales_files/figure-latex/unnamed-c
hunk-26-1.pdf  used on input line 961.
(pdftex.def)             Requested size: 459.74442pt x 315.19595pt.
[22 <./proyecto_modelos_lineales_files/figure-latex/unnamed-chunk-25-1.pdf>] [2
3 <./proyecto_modelos_lineales_files/figure-latex/unnamed-chunk-26-1.pdf>]
Underfull \hbox (badness 10000) in paragraph at lines 1053--1054
[]\T1/lmtt/m/n/10 PROMEDIO_DIAS_LM ~ SEXO + ESTADO_CIVIL + TRAMO_EDAD + RENTA_P
ROMEDIO + JORNADA + NIVEL +
 []


Overfull \hbox (13.24358pt too wide) in paragraph at lines 1053--1054
\T1/lmtt/m/n/10 TIPO_ESTABLECIMIENTO + CALIDAD_DESEMPEO + TRAMO_DOCENTE + INSA
TISFACTORIO + TRASLADO_COMUNA 
 []


Overfull \hbox (49.99347pt too wide) in paragraph at lines 1059--1061
\T1/lmtt/m/n/10 PROMEDIO_DIAS_LM ~ SEXO + ESTADO_CIVIL + TRAMO_EDAD + RENTA_PRO
MEDIO + NIVEL + TIPO_ESTABLECIMIENTO
 []


Overfull \hbox (44.74348pt too wide) in paragraph at lines 1066--1068
\T1/lmtt/m/n/10 PROMEDIO_DIAS_LM ~ SEXO + ESTADO_CIVIL + TRAMO_EDAD + RENTA_PRO
MEDIO + NIVEL +TIPO_ESTABLECIMIENTO
 []


Overfull \hbox (44.74348pt too wide) in paragraph at lines 1073--1075
\T1/lmtt/m/n/10 PROMEDIO_DIAS_LM ~ SEXO + ESTADO_CIVIL + TRAMO_EDAD + RENTA_PRO
MEDIO + NIVEL +TIPO_ESTABLECIMIENTO
 []


Overfull \hbox (28.99353pt too wide) in paragraph at lines 1080--1082
\T1/lmtt/m/n/10 PROMEDIO_DIAS_LM ~ ESTADO_CIVIL + TRAMO_EDAD + NIVEL + TIPO_EST
ABLECIMIENTO + CALIDAD_DESEMPEO
 []


Overfull \hbox (34.24352pt too wide) in paragraph at lines 1087--1089
\T1/lmtt/m/n/10 PROMEDIO_DIAS_LM ~ TRAMO_EDAD + NIVEL + TIPO_ESTABLECIMIENTO + 
CALIDAD_DESEMPEO + TRAMO_DOCENTE
 []

[24]
Underfull \hbox (badness 10000) in paragraph at lines 1094--1096
\T1/lmtt/m/n/10 PROMEDIO_DIAS_LM ~ TRAMO_EDAD + NIVEL + TIPO_ESTABLECIMIENTO + 
   CALIDAD_DESEMPEO +
 []


Underfull \hbox (badness 6125) in paragraph at lines 1101--1103
\T1/lmtt/m/n/10 PROMEDIO_DIAS_LM ~ TRAMO_EDAD + NIVEL + CALIDAD_DESEMPEO +    
 INSATISFACTORIO \T1/lmr/m/n/10 (+20) , valor-p:
 []

[25]
Overfull \hbox (0.58525pt too wide) in paragraph at lines 1179--1179
[]|\T1/lmr/m/n/10 (-20) MASCULINO|  
 []


Overfull \hbox (1.4978pt too wide) in paragraph at lines 1195--1196
[]\T1/lmr/m/n/10 (-20) ESTADO_CIVIL  
 []


Overfull \hbox (1.4978pt too wide) in paragraph at lines 1215--1216
[]\T1/lmr/m/n/10 (-20) ESTADO_CIVIL  
 []


Overfull \hbox (6.71413pt too wide) in paragraph at lines 1234--1234
[]|\T1/lmr/m/n/10 (-20) DIVORCIADO(A)|  
 []


Overfull \hbox (7.34558pt too wide) in paragraph at lines 1253--1254
[]\T1/lmr/m/n/10 (-20) SISTEMA_SALUD  
 []


Overfull \hbox (7.34558pt too wide) in paragraph at lines 1273--1274
[]\T1/lmr/m/n/10 (-20) SISTEMA_SALUD  
 []


Overfull \hbox (19.6469pt too wide) in paragraph at lines 1325--1326
[]\T1/lmr/m/n/10 (-20) TIPO_ESTABLECIMIENTO  
 []


Overfull \hbox (4.79399pt too wide) in paragraph at lines 1339--1340
 []\T1/lmr/m/n/10 (-20) Cantidad_LM
 []


Overfull \hbox (19.6469pt too wide) in paragraph at lines 1345--1346
[]\T1/lmr/m/n/10 (-20) TIPO_ESTABLECIMIENTO  
 []


Overfull \hbox (4.79399pt too wide) in paragraph at lines 1359--1360
 []\T1/lmr/m/n/10 (-20) Cantidad_LM
 []


Overfull \hbox (21.92412pt too wide) in paragraph at lines 1383--1384
[]\T1/lmr/m/n/10 (-20) CALIDAD_DESEMPEO  
 []


Overfull \hbox (21.92412pt too wide) in paragraph at lines 1403--1404
[]\T1/lmr/m/n/10 (-20) CALIDAD_DESEMPEO  
 []


Overfull \hbox (19.82668pt too wide) in paragraph at lines 1438--1439
[]\T1/lmr/m/n/10 (-20) TRASLADO_COMUNA  
 []


Overfull \hbox (19.82668pt too wide) in paragraph at lines 1458--1459
[]\T1/lmr/m/n/10 (-20) TRASLADO_COMUNA  
 []

[26] [27]
<proyecto_modelos_lineales_files/figure-latex/unnamed-chunk-31-1.pdf, id=437, 4
59.7175pt x 315.1775pt>
File: proyecto_modelos_lineales_files/figure-latex/unnamed-chunk-31-1.pdf Graph
ic file (type pdf)
<use proyecto_modelos_lineales_files/figure-latex/unnamed-chunk-31-1.pdf>
Package pdftex.def Info: proyecto_modelos_lineales_files/figure-latex/unnamed-c
hunk-31-1.pdf  used on input line 1486.
(pdftex.def)             Requested size: 328.84282pt x 225.45119pt.
<proyecto_modelos_lineales_files/figure-latex/unnamed-chunk-31-2.pdf, id=438, 4
59.7175pt x 315.1775pt>
File: proyecto_modelos_lineales_files/figure-latex/unnamed-chunk-31-2.pdf Graph
ic file (type pdf)
<use proyecto_modelos_lineales_files/figure-latex/unnamed-chunk-31-2.pdf>
Package pdftex.def Info: proyecto_modelos_lineales_files/figure-latex/unnamed-c
hunk-31-2.pdf  used on input line 1488.
(pdftex.def)             Requested size: 328.84282pt x 225.45119pt.
<proyecto_modelos_lineales_files/figure-latex/unnamed-chunk-31-3.pdf, id=439, 4
59.7175pt x 315.1775pt>
File: proyecto_modelos_lineales_files/figure-latex/unnamed-chunk-31-3.pdf Graph
ic file (type pdf)
<use proyecto_modelos_lineales_files/figure-latex/unnamed-chunk-31-3.pdf>
Package pdftex.def Info: proyecto_modelos_lineales_files/figure-latex/unnamed-c
hunk-31-3.pdf  used on input line 1490.
(pdftex.def)             Requested size: 328.84282pt x 225.45119pt.
[28 <./proyecto_modelos_lineales_files/figure-latex/unnamed-chunk-31-1.pdf> <./
proyecto_modelos_lineales_files/figure-latex/unnamed-chunk-31-2.pdf>]
<proyecto_modelos_lineales_files/figure-latex/unnamed-chunk-31-4.pdf, id=460, 4
59.7175pt x 315.1775pt>
File: proyecto_modelos_lineales_files/figure-latex/unnamed-chunk-31-4.pdf Graph
ic file (type pdf)
<use proyecto_modelos_lineales_files/figure-latex/unnamed-chunk-31-4.pdf>
Package pdftex.def Info: proyecto_modelos_lineales_files/figure-latex/unnamed-c
hunk-31-4.pdf  used on input line 1492.
(pdftex.def)             Requested size: 328.84282pt x 225.45119pt.
<proyecto_modelos_lineales_files/figure-latex/unnamed-chunk-31-5.pdf, id=461, 4
59.7175pt x 315.1775pt>
File: proyecto_modelos_lineales_files/figure-latex/unnamed-chunk-31-5.pdf Graph
ic file (type pdf)
<use proyecto_modelos_lineales_files/figure-latex/unnamed-chunk-31-5.pdf>
Package pdftex.def Info: proyecto_modelos_lineales_files/figure-latex/unnamed-c
hunk-31-5.pdf  used on input line 1494.
(pdftex.def)             Requested size: 328.84282pt x 225.45119pt.
[29 <./proyecto_modelos_lineales_files/figure-latex/unnamed-chunk-31-3.pdf> <./
proyecto_modelos_lineales_files/figure-latex/unnamed-chunk-31-4.pdf>]
<proyecto_modelos_lineales_files/figure-latex/unnamed-chunk-31-6.pdf, id=480, 4
59.7175pt x 315.1775pt>
File: proyecto_modelos_lineales_files/figure-latex/unnamed-chunk-31-6.pdf Graph
ic file (type pdf)
<use proyecto_modelos_lineales_files/figure-latex/unnamed-chunk-31-6.pdf>
Package pdftex.def Info: proyecto_modelos_lineales_files/figure-latex/unnamed-c
hunk-31-6.pdf  used on input line 1496.
(pdftex.def)             Requested size: 328.84282pt x 225.45119pt.
<proyecto_modelos_lineales_files/figure-latex/unnamed-chunk-31-7.pdf, id=481, 4
59.7175pt x 315.1775pt>
File: proyecto_modelos_lineales_files/figure-latex/unnamed-chunk-31-7.pdf Graph
ic file (type pdf)
<use proyecto_modelos_lineales_files/figure-latex/unnamed-chunk-31-7.pdf>
Package pdftex.def Info: proyecto_modelos_lineales_files/figure-latex/unnamed-c
hunk-31-7.pdf  used on input line 1498.
(pdftex.def)             Requested size: 328.84282pt x 225.45119pt.
[30 <./proyecto_modelos_lineales_files/figure-latex/unnamed-chunk-31-5.pdf> <./
proyecto_modelos_lineales_files/figure-latex/unnamed-chunk-31-6.pdf>] [31 <./pr
oyecto_modelos_lineales_files/figure-latex/unnamed-chunk-31-7.pdf>] (./proyecto
_modelos_lineales.aux) ) 
Here is how much of TeX's memory you used:
 34328 strings out of 478268
 801869 string characters out of 5846348
 1207000 words of memory out of 5000000
 51661 multiletter control sequences out of 15000+600000
 529892 words of font info for 139 fonts, out of 8000000 for 9000
 1141 hyphenation exceptions out of 8191
 84i,14n,80p,1022b,609s stack positions out of 10000i,1000n,20000p,200000b,200000s
{/usr/local/texlive/2022/texmf-dist/fonts/enc/dvips/lm/
lm-mathsy.enc}{/usr/local/texlive/2022/texmf-dist/fonts/enc/dvips/lm/lm-mathit.
enc}{/usr/local/texlive/2022/texmf-dist/fonts/enc/dvips/lm/lm-rm.enc}{/usr/loca
l/texlive/2022/texmf-dist/fonts/enc/dvips/lm/lm-ec.enc}{/usr/local/texlive/2022
/texmf-dist/fonts/enc/dvips/lm/lm-ts1.enc}</usr/local/texlive/2022/texmf-dist/f
onts/type1/public/lm/lmbx10.pfb></usr/local/texlive/2022/texmf-dist/fonts/type1
/public/lm/lmbx12.pfb></usr/local/texlive/2022/texmf-dist/fonts/type1/public/lm
/lmmi10.pfb></usr/local/texlive/2022/texmf-dist/fonts/type1/public/lm/lmr10.pfb
></usr/local/texlive/2022/texmf-dist/fonts/type1/public/lm/lmr12.pfb></usr/loca
l/texlive/2022/texmf-dist/fonts/type1/public/lm/lmr17.pfb></usr/local/texlive/2
022/texmf-dist/fonts/type1/public/lm/lmr6.pfb></usr/local/texlive/2022/texmf-di
st/fonts/type1/public/lm/lmr7.pfb></usr/local/texlive/2022/texmf-dist/fonts/typ
e1/public/lm/lmr8.pfb></usr/local/texlive/2022/texmf-dist/fonts/type1/public/lm
/lmsy10.pfb></usr/local/texlive/2022/texmf-dist/fonts/type1/public/lm/lmtt10.pf
b>
Output written on proyecto_modelos_lineales.pdf (31 pages, 607969 bytes).
PDF statistics:
 697 PDF objects out of 1000 (max. 8388607)
 544 compressed objects within 6 object streams
 125 named destinations out of 1000 (max. 500000)
 35243 words of extra memory for PDF output out of 35830 (max. 10000000)

